!SESSION 2014-04-01 14:35:44.556 -----------------------------------------------
eclipse.buildId=unknown
java.version=1.7.0_40
java.vendor=Oracle Corporation
BootLoader constants: OS=macosx, ARCH=x86_64, WS=cocoa, NL=fr_FR
Command-line arguments:  -console

!ENTRY org.eclipse.equinox.ds 4 0 2014-04-01 14:35:48.041
!MESSAGE Could not bind a reference of component org.openhab.core.itemregistry. The reference is: Reference[name = ItemProvider, interface = org.openhab.core.items.ItemProvider, policy = dynamic, cardinality = 0..n, target = null, bind = addItemProvider, unbind = removeItemProvider]

!ENTRY org.eclipse.equinox.ds 4 0 2014-04-01 14:35:48.042
!MESSAGE Could not bind a reference of component org.openhab.core.itemregistry. The reference is: Reference[name = ItemProvider, interface = org.openhab.core.items.ItemProvider, policy = dynamic, cardinality = 0..n, target = null, bind = addItemProvider, unbind = removeItemProvider]

!ENTRY org.eclipse.equinox.ds 4 0 2014-04-01 14:35:48.074
!MESSAGE Could not bind a reference of component org.openhab.core.persistence.extensions. The reference is: Reference[name = PersistenceService, interface = org.openhab.core.persistence.PersistenceService, policy = dynamic, cardinality = 0..n, target = null, bind = addPersistenceService, unbind = removePersistenceService]

!ENTRY org.eclipse.equinox.ds 4 0 2014-04-01 14:35:48.074
!MESSAGE Could not bind a reference of component org.openhab.core.persistence.extensions. The reference is: Reference[name = PersistenceService, interface = org.openhab.core.persistence.PersistenceService, policy = dynamic, cardinality = 0..n, target = null, bind = addPersistenceService, unbind = removePersistenceService]

!ENTRY org.eclipse.equinox.ds 4 0 2014-04-01 14:35:48.688
!MESSAGE Could not bind a reference of component org.openhab.core.persistence.manager. The reference is: Reference[name = PersistenceService, interface = org.openhab.core.persistence.PersistenceService, policy = dynamic, cardinality = 0..n, target = null, bind = addPersistenceService, unbind = removePersistenceService]

!ENTRY org.eclipse.equinox.ds 4 0 2014-04-01 14:35:48.688
!MESSAGE Could not bind a reference of component org.openhab.core.persistence.manager. The reference is: Reference[name = PersistenceService, interface = org.openhab.core.persistence.PersistenceService, policy = dynamic, cardinality = 0..n, target = null, bind = addPersistenceService, unbind = removePersistenceService]

!ENTRY org.eclipse.equinox.ds 4 0 2014-04-01 14:36:00.066
!MESSAGE Could not bind a reference of component org.openhab.ui.webapp.pagerenderer. The reference is: Reference[name = WidgetRenderer, interface = org.openhab.ui.webapp.render.WidgetRenderer, policy = dynamic, cardinality = 0..n, target = null, bind = addWidgetRenderer, unbind = removeWidgetRenderer]

!ENTRY org.eclipse.equinox.ds 4 0 2014-04-01 14:36:00.066
!MESSAGE Could not bind a reference of component org.openhab.ui.webapp.pagerenderer. The reference is: Reference[name = WidgetRenderer, interface = org.openhab.ui.webapp.render.WidgetRenderer, policy = dynamic, cardinality = 0..n, target = null, bind = addWidgetRenderer, unbind = removeWidgetRenderer]
